<?xml version="1.0" encoding="UTF-8"?>
<testng-results ignored="0" total="0" passed="0" failed="0" skipped="0">
  <reporter-output>
  </reporter-output>
  <suite started-at="2025-08-29T21:16:22 IST" name="ExcelDataSuite" finished-at="2025-08-29T21:16:22 IST" duration-ms="26">
    <groups>
    </groups>
    <test started-at="2025-08-29T21:16:22 IST" name="RollNumberTest" finished-at="2025-08-29T21:16:22 IST" duration-ms="26">
    </test> <!-- RollNumberTest -->
  </suite> <!-- ExcelDataSuite -->
</testng-results>
