<?xml version="1.0" encoding="UTF-8"?>
<!-- Generated by org.testng.reporters.JUnitXMLReporter -->
<testsuite ignored="0" hostname="Ravi-Ranjan" failures="1" tests="1" name="RollNumberTest" time="5.461" errors="0" timestamp="2025-08-27T12:19:32 IST">
  <testcase classname="tests.RunTest" name="run" time="5.39">
    <failure type="java.lang.NullPointerException" message="Cannot invoke &amp;quot;String.equalsIgnoreCase(String)&amp;quot; because &amp;quot;loop&amp;quot; is null">
      <![CDATA[java.lang.NullPointerException: Cannot invoke "String.equalsIgnoreCase(String)" because "loop" is null
at tests.RunTest.run(RunTest.java:29)
at java.base/java.util.ArrayList.forEach(ArrayList.java:1604)
... Removed 25 stack frames]]>
    </failure>
  </testcase> <!-- run -->
</testsuite> <!-- RollNumberTest -->
